<?xml version="1.0" encoding="utf-8"?><testsuites name="pytest tests"><testsuite name="pytest" errors="0" failures="0" skipped="3" tests="93" time="16.853" timestamp="2026-09-20T11:46:52.990069+00:00" hostname="localhost"><testcase classname="tests.test_contracts" name="test_runner_output_lock_is_a_real_context_manager" time="0.001" /><testcase classname="tests.test_contracts" name="test_unresolved_or_unsafe_tex_input_is_not_ignored[\\input section]" time="0.001" /><testcase classname="tests.test_contracts" name="test_unresolved_or_unsafe_tex_input_is_not_ignored[\\input{\\name}]" time="0.001" /><testcase classname="tests.test_contracts" name="test_unresolved_or_unsafe_tex_input_is_not_ignored[\\includeonly{section}]" time="0.001" /><testcase classname="tests.test_contracts" name="test_unresolved_or_unsafe_tex_input_is_not_ignored[\\InputIfFileExists{section}{}{}]" time="0.001" /><testcase classname="tests.test_contracts" name="test_unresolved_or_unsafe_tex_input_is_not_ignored[\\input{../outside}]" time="0.001" /><testcase classname="tests.test_contracts" name="test_cyclic_and_missing_tex_fail" time="0.001" /><testcase classname="tests.test_contracts" name="test_tex_nested_sources_and_escaped_comments" time="0.002" /><testcase classname="tests.test_contracts" name="test_missing_macro_input_fails" time="0.001" /><testcase classname="tests.test_contracts" name="test_small_p_never_printed_as_zero" time="0.000" /><testcase classname="tests.test_contracts" name="test_resealing_bad_cache_metadata_does_not_bypass_checks[omit_array]" time="0.968" /><testcase classname="tests.test_contracts" name="test_resealing_bad_cache_metadata_does_not_bypass_checks[forge_semantic_hash]" time="0.975" /><testcase classname="tests.test_contracts" name="test_resealing_bad_cache_metadata_does_not_bypass_checks[omit_preprocessor]" time="0.994" /><testcase classname="tests.test_contracts" name="test_numeric_category_codes_cannot_masquerade_as_raw" time="0.017" /><testcase classname="tests.test_contracts" name="test_cycles_frequency_units_and_logits_gate" time="0.000" /><testcase classname="tests.test_contracts" name="test_bad_timing_rejected[cycles0-800]" time="0.000" /><testcase classname="tests.test_contracts" name="test_bad_timing_rejected[cycles1-800]" time="0.000" /><testcase classname="tests.test_contracts" name="test_bad_timing_rejected[cycles2-800]" time="0.000" /><testcase classname="tests.test_contracts" name="test_bad_timing_rejected[cycles3-800]" time="0.000" /><testcase classname="tests.test_contracts" name="test_bad_timing_rejected[cycles4-0]" time="0.000" /><testcase classname="tests.test_contracts" name="test_bad_timing_rejected[cycles5-nan]" time="0.000" /><testcase classname="tests.test_contracts" name="test_shell_entry_points_propagate_failure_and_parse[run_v4_rerun.sh]" time="0.002" /><testcase classname="tests.test_contracts" name="test_shell_entry_points_propagate_failure_and_parse[finalize_and_check.sh]" time="0.002" /><testcase classname="tests.test_contracts" name="test_cpu_optimizer_independent_repeat_and_resume[foreach]" time="1.028" /><testcase classname="tests.test_contracts" name="test_cpu_optimizer_independent_repeat_and_resume[fused]" time="1.120" /><testcase classname="tests.test_contracts" name="test_no_assert_statement_is_used_as_a_runtime_contract" time="0.045" /><testcase classname="tests.test_contracts" name="test_parquet_raw_preparation_when_dependency_available" time="0.012"><skipped type="pytest.skip" message="Parquet engine unavailable in this environment">/mnt/data/spikeids_v5/tests/test_contracts.py:123: Parquet engine unavailable in this environment</skipped></testcase><testcase classname="tests.test_contracts" name="test_onnx_qdq_minimal_execution_when_dependencies_available" time="0.001"><skipped type="pytest.skip" message="ONNX is unavailable in this environment">/mnt/data/spikeids_v5/tests/test_contracts.py:132: ONNX is unavailable in this environment</skipped></testcase><testcase classname="tests.test_contracts" name="test_cuda_qcfs_repeat_and_resume" time="0.000"><skipped type="pytest.skip" message="CUDA hardware is unavailable in this environment">/mnt/data/spikeids_v5/tests/test_contracts.py:153: CUDA hardware is unavailable in this environment</skipped></testcase><testcase classname="tests.test_science" name="test_four_dataset_preparation[nslkdd]" time="1.001" /><testcase classname="tests.test_science" name="test_four_dataset_preparation[unsw]" time="0.989" /><testcase classname="tests.test_science" name="test_four_dataset_preparation[cicids2017]" time="0.957" /><testcase classname="tests.test_science" name="test_four_dataset_preparation[iot23]" time="1.114" /><testcase classname="tests.test_science" name="test_test_only_features_never_change_fit" time="0.672" /><testcase classname="tests.test_science" name="test_raw_change_invalidates_cache" time="0.261" /><testcase classname="tests.test_science" name="test_cache_tampering" time="1.004" /><testcase classname="tests.test_science" name="test_no_silent_label_drop" time="0.020" /><testcase classname="tests.test_science" name="test_missing_shard_fails" time="0.011" /><testcase classname="tests.test_science" name="test_iot_categorical_no_presplit_encoding" time="0.500" /><testcase classname="tests.test_science" name="test_cic_keeps_constants_and_features_not_test_selected" time="0.942" /><testcase classname="tests.test_science" name="test_metrics_match_independent_sklearn[2]" time="0.006" /><testcase classname="tests.test_science" name="test_metrics_match_independent_sklearn[5]" time="0.008" /><testcase classname="tests.test_science" name="test_metrics_match_independent_sklearn[15]" time="0.016" /><testcase classname="tests.test_science" name="test_metric_bad_inputs_fail[labels]" time="0.000" /><testcase classname="tests.test_science" name="test_metric_bad_inputs_fail[probability]" time="0.000" /><testcase classname="tests.test_science" name="test_metric_bad_inputs_fail[shape]" time="0.000" /><testcase classname="tests.test_science" name="test_metric_bad_inputs_fail[nonfinite]" time="0.000" /><testcase classname="tests.test_science" name="test_metric_bad_inputs_fail[empty]" time="0.000" /><testcase classname="tests.test_science" name="test_absent_class_semantics_and_binary_auc" time="0.000" /><testcase classname="tests.test_science" name="test_shifted_qcfs_matches_authors_ann_formula_gradients[1]" time="0.003" /><testcase classname="tests.test_science" name="test_shifted_qcfs_matches_authors_ann_formula_gradients[2]" time="0.001" /><testcase classname="tests.test_science" name="test_shifted_qcfs_matches_authors_ann_formula_gradients[4]" time="0.001" /><testcase classname="tests.test_science" name="test_shifted_qcfs_matches_authors_ann_formula_gradients[8]" time="0.001" /><testcase classname="tests.test_science" name="test_legacy_floor_is_separate_and_not_t1_binary" time="0.000" /><testcase classname="tests.test_science" name="test_same_seed_initializes_common_affines" time="0.003" /><testcase classname="tests.test_science" name="test_bn_fold_guards_and_matches_oracle" time="0.002" /><testcase classname="tests.test_science" name="test_if_membrane_reset_between_calls" time="0.003" /><testcase classname="tests.test_science" name="test_signed_rank_against_exhaustive_scipy[d0-two-sided]" time="0.003" /><testcase classname="tests.test_science" name="test_signed_rank_against_exhaustive_scipy[d0-less]" time="0.003" /><testcase classname="tests.test_science" name="test_signed_rank_against_exhaustive_scipy[d0-greater]" time="0.003" /><testcase classname="tests.test_science" name="test_signed_rank_against_exhaustive_scipy[d1-two-sided]" time="0.004" /><testcase classname="tests.test_science" name="test_signed_rank_against_exhaustive_scipy[d1-less]" time="0.004" /><testcase classname="tests.test_science" name="test_signed_rank_against_exhaustive_scipy[d1-greater]" time="0.004" /><testcase classname="tests.test_science" name="test_signed_rank_against_exhaustive_scipy[d2-two-sided]" time="0.000" /><testcase classname="tests.test_science" name="test_signed_rank_against_exhaustive_scipy[d2-less]" time="0.000" /><testcase classname="tests.test_science" name="test_signed_rank_against_exhaustive_scipy[d2-greater]" time="0.000" /><testcase classname="tests.test_science" name="test_signed_rank_against_exhaustive_scipy[d3-two-sided]" time="0.005" /><testcase classname="tests.test_science" name="test_signed_rank_against_exhaustive_scipy[d3-less]" time="0.004" /><testcase classname="tests.test_science" name="test_signed_rank_against_exhaustive_scipy[d3-greater]" time="0.005" /><testcase classname="tests.test_science" name="test_tost_against_statsmodels[0.05]" time="0.001" /><testcase classname="tests.test_science" name="test_tost_against_statsmodels[0.1]" time="0.001" /><testcase classname="tests.test_science" name="test_tost_against_statsmodels[0.01]" time="0.001" /><testcase classname="tests.test_science" name="test_degenerate_effect_and_tost_inconclusive" time="0.000" /><testcase classname="tests.test_science" name="test_holm_oracle_and_missing_stays_in_family" time="0.192" /><testcase classname="tests.test_science" name="test_power_quadrature_matches_independent_monte_carlo[5]" time="0.031" /><testcase classname="tests.test_science" name="test_power_quadrature_matches_independent_monte_carlo[20]" time="0.057" /><testcase classname="tests.test_science" name="test_required_n_bracket" time="0.465" /><testcase classname="tests.test_science" name="test_bad_stats_inputs[x0-y0]" time="0.001" /><testcase classname="tests.test_science" name="test_bad_stats_inputs[x1-y1]" time="0.000" /><testcase classname="tests.test_science" name="test_bad_stats_inputs[x2-y2]" time="0.000" /><testcase classname="tests.test_science" name="test_bad_stats_inputs[x3-y3]" time="0.000" /><testcase classname="tests.test_science" name="test_bootstrap_fixed_seed_and_blocks" time="0.013" /><testcase classname="tests.test_science" name="test_cpu_training_repeat_resume[relu]" time="1.163" /><testcase classname="tests.test_science" name="test_cpu_training_repeat_resume[qcfs]" time="1.087" /><testcase classname="tests.test_science" name="test_cpu_training_repeat_resume[cnn]" time="1.042" /><testcase classname="tests.test_science" name="test_batches_complete_no_singleton[2-2]" time="0.000" /><testcase classname="tests.test_science" name="test_batches_complete_no_singleton[3-2]" time="0.000" /><testcase classname="tests.test_science" name="test_batches_complete_no_singleton[17-16]" time="0.000" /><testcase classname="tests.test_science" name="test_batches_complete_no_singleton[33-16]" time="0.000" /><testcase classname="tests.test_science" name="test_batches_complete_no_singleton[32-16]" time="0.000" /><testcase classname="tests.test_science" name="test_json_duplicates_nonfinite_atomic_failure" time="0.003" /><testcase classname="tests.test_science" name="test_seed_ids_not_position" time="0.000" /><testcase classname="tests.test_science" name="test_locks" time="0.001" /></testsuite></testsuites>